<?xml version="1.0" encoding="utf-8"?><testsuites name="pytest tests"><testsuite name="pytest" errors="0" failures="1" skipped="0" tests="25" time="9.099" timestamp="2026-05-23T22:04:19.066185+00:00" hostname="agent-env-3faf3a7b-b160-4359-b0bb-f9150cef880b"><testcase classname="tests.test_huddle_backend" name="test_health" time="0.291" /><testcase classname="tests.test_huddle_backend.TestAuth" name="test_register_returns_jwt" time="0.399"><failure message="AssertionError: assert 'test_bd500595@huddle.app' == 'TEST_bd500595@huddle.app'&#10;  &#10;  - TEST_bd500595@huddle.app&#10;  ? ^^^^&#10;  + test_bd500595@huddle.app&#10;  ? ^^^^">tests/test_huddle_backend.py:36: in test_register_returns_jwt
    assert body["user"]["email"] == email
E   AssertionError: assert 'test_bd500595@huddle.app' == 'TEST_bd500595@huddle.app'
E     
E     - TEST_bd500595@huddle.app
E     ? ^^^^
E     + test_bd500595@huddle.app
E     ? ^^^^</failure></testcase><testcase classname="tests.test_huddle_backend.TestAuth" name="test_register_duplicate_rejected" time="0.159" /><testcase classname="tests.test_huddle_backend.TestAuth" name="test_login_seeded_user" time="0.364" /><testcase classname="tests.test_huddle_backend.TestAuth" name="test_login_wrong_password" time="0.764" /><testcase classname="tests.test_huddle_backend.TestAuth" name="test_me_with_bearer" time="0.475" /><testcase classname="tests.test_huddle_backend.TestAuth" name="test_me_missing_token" time="0.107" /><testcase classname="tests.test_huddle_backend.TestUsers" name="test_update_profile_and_verify" time="0.221" /><testcase classname="tests.test_huddle_backend.TestUsers" name="test_discover_excludes_self" time="0.112" /><testcase classname="tests.test_huddle_backend.TestUsers" name="test_swipe_and_mutual_match" time="0.647" /><testcase classname="tests.test_huddle_backend.TestMatches" name="test_create_match" time="0.108" /><testcase classname="tests.test_huddle_backend.TestMatches" name="test_list_matches_has_seeds" time="0.120" /><testcase classname="tests.test_huddle_backend.TestMatches" name="test_list_mine_filter" time="0.098" /><testcase classname="tests.test_huddle_backend.TestMatches" name="test_get_match_detail" time="0.123" /><testcase classname="tests.test_huddle_backend.TestMatches" name="test_join_match_idempotent" time="0.230" /><testcase classname="tests.test_huddle_backend.TestMatches" name="test_leave_match" time="0.101" /><testcase classname="tests.test_huddle_backend.TestMatches" name="test_capacity_enforced" time="0.719" /><testcase classname="tests.test_huddle_backend.TestTeams" name="test_create_team" time="0.148" /><testcase classname="tests.test_huddle_backend.TestTeams" name="test_list_my_teams" time="0.400" /><testcase classname="tests.test_huddle_backend.TestTeams" name="test_regenerate_invite_only_creator" time="1.533" /><testcase classname="tests.test_huddle_backend.TestTeams" name="test_join_team_by_invite" time="0.157" /><testcase classname="tests.test_huddle_backend.TestTeams" name="test_join_team_invalid_code" time="0.113" /><testcase classname="tests.test_huddle_backend.TestMessages" name="test_post_and_list_messages_in_order" time="0.467" /><testcase classname="tests.test_huddle_backend" name="test_websocket_chat_broadcast" time="1.016" /><testcase classname="tests.test_huddle_backend" name="test_websocket_rejects_invalid_token" time="0.152" /></testsuite></testsuites>